Epoch 1/166
35/68 ━━━━━━━━━━━━━━━━━━━━ 2:14 4s/step - accuracy: 0.3748 - loss: 2.3040/usr/local/lib/python3.11/dist-packages/keras/src/trainers/epoch_iterator.py:107: UserWarning: Your input ran out of data; interrupting training. Make sure that your dataset or generator can generate at least `steps_per_epoch * epochs` batches. You may need to use the `.repeat()` function when building your dataset.
  self._interrupted_warning()

Epoch 1: val_loss improved from inf to 1.60087, saving model to model/best_model.keras
68/68 ━━━━━━━━━━━━━━━━━━━━ 172s 2s/step - accuracy: 0.4201 - loss: 2.1261 - val_accuracy: 0.6347 - val_loss: 1.6009 - learning_rate: 0.0010
Epoch 2/166
35/68 ━━━━━━━━━━━━━━━━━━━━ 2:04 4s/step - accuracy: 0.6466 - loss: 1.3720
Epoch 2: val_loss improved from 1.60087 to 1.42549, saving model to model/best_model.keras
68/68 ━━━━━━━━━━━━━━━━━━━━ 188s 2s/step - accuracy: 0.6568 - loss: 1.3357 - val_accuracy: 0.5429 - val_loss: 1.4255 - learning_rate: 0.0010
Epoch 3/166
35/68 ━━━━━━━━━━━━━━━━━━━━ 2:01 4s/step - accuracy: 0.7325 - loss: 1.0369
Epoch 3: val_loss improved from 1.42549 to 0.87436, saving model to model/best_model.keras
68/68 ━━━━━━━━━━━━━━━━━━━━ 172s 2s/step - accuracy: 0.7414 - loss: 1.0075 - val_accuracy: 0.8635 - val_loss: 0.8744 - learning_rate: 0.0010
Epoch 4/166
35/68 ━━━━━━━━━━━━━━━━━━━━ 2:05 4s/step - accuracy: 0.7950 - loss: 0.8335
Epoch 4: val_loss improved from 0.87436 to 0.74773, saving model to model/best_model.keras
68/68 ━━━━━━━━━━━━━━━━━━━━ 198s 2s/step - accuracy: 0.8013 - loss: 0.8055 - val_accuracy: 0.8978 - val_loss: 0.7477 - learning_rate: 0.0010
Epoch 5/166
35/68 ━━━━━━━━━━━━━━━━━━━━ 2:08 4s/step - accuracy: 0.8558 - loss: 0.6280
Epoch 5: val_loss improved from 0.74773 to 0.54554, saving model to model/best_model.keras
68/68 ━━━━━━━━━━━━━━━━━━━━ 159s 2s/step - accuracy: 0.8598 - loss: 0.6109 - val_accuracy: 0.8712 - val_loss: 0.5455 - learning_rate: 0.0010
Epoch 6/166
35/68 ━━━━━━━━━━━━━━━━━━━━ 2:13 4s/step - accuracy: 0.8857 - loss: 0.5018
Epoch 6: val_loss improved from 0.54554 to 0.52535, saving model to model/best_model.keras
68/68 ━━━━━━━━━━━━━━━━━━━━ 208s 2s/step - accuracy: 0.8846 - loss: 0.5006 - val_accuracy: 0.9281 - val_loss: 0.5254 - learning_rate: 0.0010
Epoch 7/166
35/68 ━━━━━━━━━━━━━━━━━━━━ 2:10 4s/step - accuracy: 0.9120 - loss: 0.4078
Epoch 7: val_loss improved from 0.52535 to 0.47190, saving model to model/best_model.keras
68/68 ━━━━━━━━━━━━━━━━━━━━ 198s 2s/step - accuracy: 0.9103 - loss: 0.4042 - val_accuracy: 0.8906 - val_loss: 0.4719 - learning_rate: 0.0010
Epoch 8/166
35/68 ━━━━━━━━━━━━━━━━━━━━ 2:08 4s/step - accuracy: 0.9039 - loss: 0.3940
Epoch 8: val_loss improved from 0.47190 to 0.36570, saving model to model/best_model.keras
68/68 ━━━━━━━━━━━━━━━━━━━━ 201s 2s/step - accuracy: 0.9059 - loss: 0.3851 - val_accuracy: 0.9308 - val_loss: 0.3657 - learning_rate: 0.0010
Epoch 9/166
35/68 ━━━━━━━━━━━━━━━━━━━━ 2:07 4s/step - accuracy: 0.9153 - loss: 0.3249
Epoch 9: val_loss did not improve from 0.36570
68/68 ━━━━━━━━━━━━━━━━━━━━ 198s 2s/step - accuracy: 0.9143 - loss: 0.3260 - val_accuracy: 0.9150 - val_loss: 0.3694 - learning_rate: 0.0010
Epoch 10/166
35/68 ━━━━━━━━━━━━━━━━━━━━ 2:19 4s/step - accuracy: 0.9298 - loss: 0.2856
Epoch 10: val_loss improved from 0.36570 to 0.32297, saving model to model/best_model.keras
68/68 ━━━━━━━━━━━━━━━━━━━━ 236s 3s/step - accuracy: 0.9272 - loss: 0.2952 - val_accuracy: 0.9503 - val_loss: 0.3230 - learning_rate: 0.0010
Epoch 11/166
35/68 ━━━━━━━━━━━━━━━━━━━━ 2:04 4s/step - accuracy: 0.9378 - loss: 0.2598
Epoch 11: val_loss improved from 0.32297 to 0.27166, saving model to model/best_model.keras
68/68 ━━━━━━━━━━━━━━━━━━━━ 167s 2s/step - accuracy: 0.9360 - loss: 0.2604 - val_accuracy: 0.9476 - val_loss: 0.2717 - learning_rate: 0.0010
Epoch 12/166
35/68 ━━━━━━━━━━━━━━━━━━━━ 2:03 4s/step - accuracy: 0.9374 - loss: 0.2398
Epoch 12: val_loss improved from 0.27166 to 0.20236, saving model to model/best_model.keras
68/68 ━━━━━━━━━━━━━━━━━━━━ 201s 2s/step - accuracy: 0.9344 - loss: 0.2495 - val_accuracy: 0.9751 - val_loss: 0.2024 - learning_rate: 0.0010
Epoch 13/166
35/68 ━━━━━━━━━━━━━━━━━━━━ 2:02 4s/step - accuracy: 0.9482 - loss: 0.2093
Epoch 13: val_loss did not improve from 0.20236
68/68 ━━━━━━━━━━━━━━━━━━━━ 199s 2s/step - accuracy: 0.9438 - loss: 0.2179 - val_accuracy: 0.9372 - val_loss: 0.2657 - learning_rate: 0.0010
Epoch 14/166
35/68 ━━━━━━━━━━━━━━━━━━━━ 2:04 4s/step - accuracy: 0.9518 - loss: 0.1954
Epoch 14: val_loss improved from 0.20236 to 0.15210, saving model to model/best_model.keras
68/68 ━━━━━━━━━━━━━━━━━━━━ 156s 2s/step - accuracy: 0.9498 - loss: 0.1993 - val_accuracy: 0.9801 - val_loss: 0.1521 - learning_rate: 0.0010
Epoch 15/166
35/68 ━━━━━━━━━━━━━━━━━━━━ 2:05 4s/step - accuracy: 0.9375 - loss: 0.2443
Epoch 15: val_loss did not improve from 0.15210
68/68 ━━━━━━━━━━━━━━━━━━━━ 175s 3s/step - accuracy: 0.9404 - loss: 0.2318 - val_accuracy: 0.9661 - val_loss: 0.1952 - learning_rate: 0.0010
Epoch 16/166
35/68 ━━━━━━━━━━━━━━━━━━━━ 2:03 4s/step - accuracy: 0.9597 - loss: 0.1708
Epoch 16: val_loss improved from 0.15210 to 0.15186, saving model to model/best_model.keras
68/68 ━━━━━━━━━━━━━━━━━━━━ 179s 2s/step - accuracy: 0.9575 - loss: 0.1740 - val_accuracy: 0.9702 - val_loss: 0.1519 - learning_rate: 0.0010
Epoch 17/166
35/68 ━━━━━━━━━━━━━━━━━━━━ 2:03 4s/step - accuracy: 0.9533 - loss: 0.1853
Epoch 17: val_loss improved from 0.15186 to 0.14869, saving model to model/best_model.keras
68/68 ━━━━━━━━━━━━━━━━━━━━ 155s 2s/step - accuracy: 0.9526 - loss: 0.1850 - val_accuracy: 0.9697 - val_loss: 0.1487 - learning_rate: 0.0010
Epoch 18/166
35/68 ━━━━━━━━━━━━━━━━━━━━ 2:07 4s/step - accuracy: 0.9505 - loss: 0.1812
Epoch 18: val_loss did not improve from 0.14869
68/68 ━━━━━━━━━━━━━━━━━━━━ 204s 2s/step - accuracy: 0.9502 - loss: 0.1819 - val_accuracy: 0.9634 - val_loss: 0.1945 - learning_rate: 0.0010
Epoch 19/166
35/68 ━━━━━━━━━━━━━━━━━━━━ 2:06 4s/step - accuracy: 0.9676 - loss: 0.1367
Epoch 19: val_loss did not improve from 0.14869
68/68 ━━━━━━━━━━━━━━━━━━━━ 203s 2s/step - accuracy: 0.9654 - loss: 0.1423 - val_accuracy: 0.9543 - val_loss: 0.1846 - learning_rate: 0.0010
Epoch 20/166
35/68 ━━━━━━━━━━━━━━━━━━━━ 2:07 4s/step - accuracy: 0.9536 - loss: 0.1639
Epoch 20: val_loss did not improve from 0.14869
68/68 ━━━━━━━━━━━━━━━━━━━━ 201s 2s/step - accuracy: 0.9529 - loss: 0.1688 - val_accuracy: 0.8757 - val_loss: 0.3735 - learning_rate: 0.0010
Epoch 21/166
35/68 ━━━━━━━━━━━━━━━━━━━━ 2:06 4s/step - accuracy: 0.9611 - loss: 0.1521
Epoch 21: val_loss improved from 0.14869 to 0.11497, saving model to model/best_model.keras
68/68 ━━━━━━━━━━━━━━━━━━━━ 156s 2s/step - accuracy: 0.9636 - loss: 0.1477 - val_accuracy: 0.9928 - val_loss: 0.1150 - learning_rate: 0.0010
Epoch 22/166
35/68 ━━━━━━━━━━━━━━━━━━━━ 2:05 4s/step - accuracy: 0.9508 - loss: 0.1858
Epoch 22: val_loss did not improve from 0.11497
68/68 ━━━━━━━━━━━━━━━━━━━━ 203s 2s/step - accuracy: 0.9533 - loss: 0.1754 - val_accuracy: 0.9534 - val_loss: 0.1873 - learning_rate: 0.0010
Epoch 23/166
35/68 ━━━━━━━━━━━━━━━━━━━━ 2:04 4s/step - accuracy: 0.9708 - loss: 0.1287
Epoch 23: val_loss did not improve from 0.11497
68/68 ━━━━━━━━━━━━━━━━━━━━ 202s 2s/step - accuracy: 0.9682 - loss: 0.1368 - val_accuracy: 0.7640 - val_loss: 0.6261 - learning_rate: 0.0010
Epoch 24/166
35/68 ━━━━━━━━━━━━━━━━━━━━ 2:03 4s/step - accuracy: 0.9421 - loss: 0.2129
Epoch 24: val_loss improved from 0.11497 to 0.10935, saving model to model/best_model.keras
68/68 ━━━━━━━━━━━━━━━━━━━━ 153s 2s/step - accuracy: 0.9509 - loss: 0.1844 - val_accuracy: 0.9828 - val_loss: 0.1094 - learning_rate: 0.0010
Epoch 25/166
35/68 ━━━━━━━━━━━━━━━━━━━━ 2:04 4s/step - accuracy: 0.9729 - loss: 0.1178
Epoch 25: val_loss did not improve from 0.10935
68/68 ━━━━━━━━━━━━━━━━━━━━ 156s 2s/step - accuracy: 0.9714 - loss: 0.1238 - val_accuracy: 0.9788 - val_loss: 0.1147 - learning_rate: 0.0010
Epoch 26/166
35/68 ━━━━━━━━━━━━━━━━━━━━ 2:05 4s/step - accuracy: 0.9776 - loss: 0.1100
Epoch 26: val_loss did not improve from 0.10935
68/68 ━━━━━━━━━━━━━━━━━━━━ 154s 2s/step - accuracy: 0.9760 - loss: 0.1125 - val_accuracy: 0.9756 - val_loss: 0.1103 - learning_rate: 0.0010
Epoch 27/166
35/68 ━━━━━━━━━━━━━━━━━━━━ 2:02 4s/step - accuracy: 0.9546 - loss: 0.1852
Epoch 27: val_loss did not improve from 0.10935
68/68 ━━━━━━━━━━━━━━━━━━━━ 201s 2s/step - accuracy: 0.9585 - loss: 0.1722 - val_accuracy: 0.9227 - val_loss: 0.2252 - learning_rate: 0.0010
Epoch 28/166
35/68 ━━━━━━━━━━━━━━━━━━━━ 2:10 4s/step - accuracy: 0.9773 - loss: 0.1160
Epoch 28: val_loss improved from 0.10935 to 0.10299, saving model to model/best_model.keras
68/68 ━━━━━━━━━━━━━━━━━━━━ 161s 2s/step - accuracy: 0.9740 - loss: 0.1256 - val_accuracy: 0.9873 - val_loss: 0.1030 - learning_rate: 0.0010
Epoch 29/166
35/68 ━━━━━━━━━━━━━━━━━━━━ 2:05 4s/step - accuracy: 0.9805 - loss: 0.0964
Epoch 29: val_loss did not improve from 0.10299
68/68 ━━━━━━━━━━━━━━━━━━━━ 155s 2s/step - accuracy: 0.9771 - loss: 0.1056 - val_accuracy: 0.9797 - val_loss: 0.1105 - learning_rate: 0.0010